<?xml version="1.0" encoding="UTF-8"?>
<testsuite name="Smoke Test"
           tests="2"
           failures="0"
           errors="0"
           skipped="0"
           time="8.549">
  <properties />
  
  
            <testcase name="clickOnDeskTopAndSortbyAndAddToCart" time="4.581" classname="com.nopcommerce.demo.testsuite.TestSuite" />
                <testcase name="clickOnComputersAndDeskTopAndVerifysortby" time="3.968" classname="com.nopcommerce.demo.testsuite.TestSuite" />
      
</testsuite>
